<?xml version="1.0" encoding="UTF-8"?>
<!-- Generated by org.testng.reporters.JUnitXMLReporter -->
<testsuite hostname="DESKTOP-2T9UMEL" ignored="0" name="Default test" tests="3" failures="0" timestamp="29 Sep 2018 11:55:47 GMT" time="75.018" errors="0">
  <testcase name="Test1" time="13.223" classname="amazon_shopping.TestCases"/>
  <testcase name="Test2" time="12.06" classname="amazon_shopping.TestCases"/>
  <testcase name="Test3" time="20.927" classname="amazon_shopping.TestCases"/>
</testsuite> <!-- Default test -->
